[I 2023-10-10 21:07:34,887] Using an existing study with name '1' instead of creating a new one.
[I 2023-10-10 21:07:35,473] Trial 200 finished with value: 0.586298557672415 and parameters: {'alpha': 8.72005344578043}. Best is trial 71 with value: 0.4931111947330096.
[I 2023-10-10 21:07:35,927] Trial 201 finished with value: 0.4932182511137606 and parameters: {'alpha': 98.13076052820666}. Best is trial 71 with value: 0.4931111947330096.
[I 2023-10-10 21:07:36,377] Trial 202 finished with value: 0.4933015583350322 and parameters: {'alpha': 96.79945699939599}. Best is trial 71 with value: 0.4931111947330096.
RMSEs for 'content': [0.4514469195327215, 0.6597370165626915, 0.6403670517876906, 0.5936432428065564]
RMSEs for 'content': [0.4220218382855924, 0.5131158770331172, 0.50647776274591, 0.5312575263904227]
RMSEs for 'content': [0.4221389033336726, 0.5128204306115983, 0.5067088351424455, 0.5315380642524127]
RMSEs for 'content': [0.42187368706630624, 0.5135121308566972, 0.506187455398259, 0.5308998953014915]
[I 2023-10-10 21:07:36,825] Trial 203 finished with value: 0.4931182921556885 and parameters: {'alpha': 99.86065849624248}. Best is trial 71 with value: 0.4931111947330096.
[I 2023-10-10 21:07:37,280] Trial 204 finished with value: 0.493122479091325 and parameters: {'alpha': 99.78492270016451}. Best is trial 71 with value: 0.4931111947330096.
[I 2023-10-10 21:07:37,727] Trial 205 finished with value: 0.4933377978951069 and parameters: {'alpha': 96.2474672202967}. Best is trial 71 with value: 0.4931111947330096.
