[I 2023-10-09 18:52:10,520] Trial 180 finished with value: 0.49311572698090883 and parameters: {'alpha': 99.90721129413144}. Best is trial 71 with value: 0.4931111947330096.
[I 2023-10-09 18:52:10,817] Trial 181 finished with value: 0.493223774264425 and parameters: {'alpha': 98.03960778203746}. Best is trial 71 with value: 0.4931111947330096.
[I 2023-10-09 18:52:11,121] Trial 182 finished with value: 0.49334727673550605 and parameters: {'alpha': 96.10559764486331}. Best is trial 71 with value: 0.4931111947330096.
[I 2023-10-09 18:52:11,424] Trial 183 finished with value: 0.4932110842064371 and parameters: {'alpha': 98.24968964776266}. Best is trial 71 with value: 0.4931111947330096.
RMSEs for 'content': [0.42201967087146086, 0.5131214929955731, 0.5064734985997973, 0.5312523155032088]
RMSEs for 'content': [0.42260337109011575, 0.5117963229246626, 0.5076406954348203, 0.5326344756644901]
RMSEs for 'content': [0.421869760691919, 0.5135229771443848, 0.5061797934395914, 0.5308903766477402]
RMSEs for 'content': [0.4220297678372619, 0.5130953763154967, 0.5064933675948401, 0.5312765853101014]
RMSEs for 'content': [0.42220099775268033, 0.512669939846645, 0.5068320124702518, 0.531686156872447]
RMSEs for 'content': [0.4220115111622742, 0.5131426834127992, 0.5064574498424042, 0.5312326924082709]
RMSEs for 'content': [0.4218776938261951, 0.5135010809971485, 0.5061952759086723, 0.5309096066428972]
[I 2023-10-09 18:52:11,722] Trial 184 finished with value: 0.4931209143437283 and parameters: {'alpha': 99.81319083417509}. Best is trial 71 with value: 0.4931111947330096.
[I 2023-10-09 18:52:12,021] Trial 185 finished with value: 0.4931143748616482 and parameters: {'alpha': 99.93179644458957}. Best is trial 71 with value: 0.4931111947330096.
[I 2023-10-09 18:52:12,320] Trial 186 finished with value: 0.4933940029397404 and parameters: {'alpha': 95.42066736993601}. Best is trial 71 with value: 0.4931111947330096.
[I 2023-10-09 18:52:12,617] Trial 187 finished with value: 0.49330491917300523 and parameters: {'alpha': 96.7476098089323}. Best is trial 71 with value: 0.4931111947330096.
[I 2023-10-09 18:52:12,917] Trial 188 finished with value: 0.4931126705384543 and parameters: {'alpha': 99.96283191670275}. Best is trial 71 with value: 0.4931111947330096.
[I 2023-10-09 18:52:13,216] Trial 189 finished with value: 0.49350253645462283 and parameters: {'alpha': 93.9143936546979}. Best is trial 71 with value: 0.4931111947330096.
[I 2023-10-09 18:52:13,525] Trial 190 finished with value: 0.49323630333678914 and parameters: {'alpha': 97.83441635676427}. Best is trial 71 with value: 0.4931111947330096.
RMSEs for 'content': [0.4218676883836873, 0.5135287089599354, 0.5061757501799576, 0.5308853519230124]
RMSEs for 'content': [0.42226303496027834, 0.5125238423473951, 0.5069555030174245, 0.5318336314338634]
RMSEs for 'content': [0.4221435173226001, 0.5128091008331224, 0.5067179733338262, 0.5315490852024721]
RMSEs for 'content': [0.42186507361591347, 0.513535948304117, 0.5061706491827849, 0.5308790110510019]
RMSEs for 'content': [0.4224021154629382, 0.5122115627991556, 0.5072339209623015, 0.5321625465940961]
RMSEs for 'content': [0.42204766360172086, 0.5130493713842906, 0.5065286103851722, 0.5313195679759729]
RMSEs for 'content': [0.4218915795483071, 0.5134629312170877, 0.5062223916633418, 0.53094324493515]
[I 2023-10-09 18:52:13,826] Trial 191 finished with value: 0.4931300368409717 and parameters: {'alpha': 99.6489861414656}. Best is trial 71 with value: 0.4931111947330096.
[I 2023-10-09 18:52:14,127] Trial 192 finished with value: 0.4931219682515884 and parameters: {'alpha': 99.79414663138265}. Best is trial 71 with value: 0.4931111947330096.
[I 2023-10-09 18:52:14,428] Trial 193 finished with value: 0.49311232556994833 and parameters: {'alpha': 99.96912004314217}. Best is trial 71 with value: 0.4931111947330096.
[I 2023-10-09 18:52:14,748] Trial 194 finished with value: 0.49333434907399765 and parameters: {'alpha': 96.29933886094835}. Best is trial 71 with value: 0.4931111947330096.
[I 2023-10-09 18:52:15,076] Trial 195 finished with value: 0.49323575655796514 and parameters: {'alpha': 97.84332567848107}. Best is trial 71 with value: 0.4931111947330096.
[I 2023-10-09 18:52:15,378] Trial 196 finished with value: 0.49811857272712157 and parameters: {'alpha': 64.36525105854226}. Best is trial 71 with value: 0.4931111947330096.
RMSEs for 'content': [0.42187930226888287, 0.513496650477053, 0.5061984157933743, 0.5309135044670436]
RMSEs for 'content': [0.42186454400451, 0.5135374155759116, 0.5061696160832146, 0.5308777266161571]
RMSEs for 'content': [0.4221835839779845, 0.5127117119341579, 0.5067974256130278, 0.5316446747708207]
RMSEs for 'content': [0.42204688525636336, 0.5130513647462678, 0.5065270768372595, 0.53131769939197]
RMSEs for 'content': [0.4261060724800344, 0.5105522677684112, 0.5155344846521469, 0.5402814660078938]
RMSEs for 'content': [0.42230541271730965, 0.5124264673789846, 0.5070401064920719, 0.5319340992567589]
[I 2023-10-09 18:52:15,677] Trial 197 finished with value: 0.4934265214612813 and parameters: {'alpha': 94.95746745619374}. Best is trial 71 with value: 0.4931111947330096.
[I 2023-10-09 18:52:15,982] Trial 198 finished with value: 0.49322550693220213 and parameters: {'alpha': 98.01110099927226}. Best is trial 71 with value: 0.4931111947330096.
[I 2023-10-09 18:52:16,300] Trial 199 finished with value: 0.4948185970106557 and parameters: {'alpha': 81.06810083899067}. Best is trial 71 with value: 0.4931111947330096.
wandb:
wandb: Plotting Ridge.
C:\Users\Acer\AppData\Local\Programs\Python\Python311\Lib\site-packages\sklearn\base.py:439: UserWarning: X does not have valid feature names, but Ridge was fitted with feature names
  warnings.warn(
RMSEs for 'content': [0.42203225026098334, 0.5130889730296545, 0.5064982542467898, 0.5312825501913809]
RMSEs for 'content': [0.42375556558449623, 0.5102009239856317, 0.5100622626977707, 0.5352556357747245]
wandb: Logged summary metrics.
wandb: Logged learning curve.
C:\Users\Acer\AppData\Local\Programs\Python\Python311\Lib\site-packages\sklearn\base.py:439: UserWarning: X does not have valid feature names, but Ridge was fitted with feature names
  warnings.warn(
wandb: WARNING using only the first 1000 datapoints to create chart outlier_candidates
wandb: Logged outlier candidates.
C:\Users\Acer\AppData\Local\Programs\Python\Python311\Lib\site-packages\sklearn\base.py:439: UserWarning: X does not have valid feature names, but Ridge was fitted with feature names
  warnings.warn(
wandb: WARNING using only the first 100 datapoints to create chart residuals
wandb: WARNING using only the first 100 datapoints to create chart residuals
wandb: Logged residuals.