[I 2023-10-09 18:51:43,992] Using an existing study with name '1' instead of creating a new one.
[I 2023-10-09 18:51:44,384] Trial 100 finished with value: 0.4938127956407241 and parameters: {'alpha': 90.13112266069696}. Best is trial 71 with value: 0.4931111947330096.
[I 2023-10-09 18:51:44,710] Trial 101 finished with value: 0.4932180692249153 and parameters: {'alpha': 98.13376973923094}. Best is trial 71 with value: 0.4931111947330096.
[I 2023-10-09 18:51:45,030] Trial 102 finished with value: 0.4931134978056859 and parameters: {'alpha': 99.94776104196231}. Best is trial 71 with value: 0.4931111947330096.
[I 2023-10-09 18:51:45,362] Trial 103 finished with value: 0.4933934084547754 and parameters: {'alpha': 95.42923561267939}. Best is trial 71 with value: 0.4931111947330096.
RMSEs for 'content': [0.42276827704938535, 0.5114876373553342, 0.5079774906584363, 0.5330177774997408]
RMSEs for 'content': [0.4220215767213787, 0.513116554486085, 0.5064772481204236, 0.5312568975717739]
RMSEs for 'content': [0.42186634317785554, 0.5135324323528307, 0.5061731258062215, 0.5308820898858357]
RMSEs for 'content': [0.42226225429601494, 0.5125256545515442, 0.5069539463733873, 0.5318317785981551]
RMSEs for 'content': [0.42252771605409406, 0.5119473973867246, 0.507487237868924, 0.5324576154351985]
[I 2023-10-09 18:51:45,687] Trial 104 finished with value: 0.49360499168623534 and parameters: {'alpha': 92.5876978221744}. Best is trial 71 with value: 0.4931111947330096.
[I 2023-10-09 18:51:46,010] Trial 105 finished with value: 0.49320421909611356 and parameters: {'alpha': 98.36430629545913}. Best is trial 71 with value: 0.4931111947330096.
[I 2023-10-09 18:51:46,338] Trial 106 finished with value: 0.4931178785403011 and parameters: {'alpha': 99.86815693252235}. Best is trial 71 with value: 0.4931111947330096.
[I 2023-10-09 18:51:46,666] Trial 107 finished with value: 0.49335948924335427 and parameters: {'alpha': 95.92429626745442}. Best is trial 71 with value: 0.4931111947330096.
[I 2023-10-09 18:51:46,994] Trial 108 finished with value: 0.493507286229783 and parameters: {'alpha': 93.85095850517708}. Best is trial 71 with value: 0.4931111947330096.
RMSEs for 'content': [0.4220015785472421, 0.5131685802208007, 0.5064379238022579, 0.5312087938141535]
RMSEs for 'content': [0.4218730544188014, 0.5135138772814146, 0.5061862207342546, 0.5308983617267337]
RMSEs for 'content': [0.4222173468264593, 0.5126310267389047, 0.506864515227672, 0.5317250681803811]
RMSEs for 'content': [0.4224080540521323, 0.5121986937734733, 0.5072458576998358, 0.5321765393936907]
RMSEs for 'content': [0.4220550239400671, 0.5130305552432237, 0.5065431154715874, 0.5313372341231529]
RMSEs for 'content': [0.4228989881846564, 0.5112627113900982, 0.508246716865917, 0.5333195220647996]
[I 2023-10-09 18:51:47,500] Trial 109 finished with value: 0.4932414821945078 and parameters: {'alpha': 97.75023413402582}. Best is trial 71 with value: 0.4931111947330096.
[I 2023-10-09 18:51:47,825] Trial 110 finished with value: 0.4939319846263678 and parameters: {'alpha': 88.84053466796666}. Best is trial 71 with value: 0.4931111947330096.
[I 2023-10-09 18:51:48,160] Trial 111 finished with value: 0.4931126013349356 and parameters: {'alpha': 99.96409319625046}. Best is trial 71 with value: 0.4931111947330096.
[I 2023-10-09 18:51:48,478] Trial 112 finished with value: 0.49324377618974924 and parameters: {'alpha': 97.71306210053135}. Best is trial 71 with value: 0.4931111947330096.
[I 2023-10-09 18:51:48,816] Trial 113 finished with value: 0.4933712964134244 and parameters: {'alpha': 95.75056995118183}. Best is trial 71 with value: 0.4931111947330096.
[I 2023-10-09 18:51:49,127] Trial 114 finished with value: 0.49311344375496935 and parameters: {'alpha': 99.94874534720493}. Best is trial 71 with value: 0.4931111947330096.
[I 2023-10-09 18:51:49,440] Trial 115 finished with value: 0.49362788909957483 and parameters: {'alpha': 92.30248197422384}. Best is trial 71 with value: 0.4931111947330096.
RMSEs for 'content': [0.4218649673812882, 0.5135362425976243, 0.5061704419512034, 0.5308787534096266]
RMSEs for 'content': [0.42205827743091806, 0.5130222574562658, 0.5065495290344598, 0.5313450408373532]
RMSEs for 'content': [0.4222330614610234, 0.5125939013918603, 0.5068957846633666, 0.5317624381374473]
RMSEs for 'content': [0.42186626025054563, 0.5135326619561479, 0.5061729640288881, 0.5308818887842959]
RMSEs for 'content': [0.4225551065616943, 0.5118920081291815, 0.5075427201743898, 0.5325217215330338]
RMSEs for 'content': [0.4222020823157509, 0.5126673492946568, 0.506834167716617, 0.5316887392001495]
[I 2023-10-09 18:51:49,763] Trial 116 finished with value: 0.4933480846317936 and parameters: {'alpha': 96.09355270732975}. Best is trial 71 with value: 0.4931111947330096.
[I 2023-10-09 18:51:50,072] Trial 117 finished with value: 0.49311501431104754 and parameters: {'alpha': 99.92016549725655}. Best is trial 71 with value: 0.4931111947330096.
[I 2023-10-09 18:51:50,393] Trial 118 finished with value: 0.4934957584068193 and parameters: {'alpha': 94.00525956722818}. Best is trial 71 with value: 0.4931111947330096.
[I 2023-10-09 18:51:50,708] Trial 119 finished with value: 0.4932401266740231 and parameters: {'alpha': 97.77223269298203}. Best is trial 71 with value: 0.4931111947330096.
[I 2023-10-09 18:51:51,018] Trial 120 finished with value: 0.49372142228329624 and parameters: {'alpha': 91.17621030456586}. Best is trial 71 with value: 0.4931111947330096.
[I 2023-10-09 18:51:51,331] Trial 121 finished with value: 0.4932162417276153 and parameters: {'alpha': 98.16403045771614}. Best is trial 71 with value: 0.4931111947330096.
RMSEs for 'content': [0.42186866865980094, 0.5135259969825168, 0.5061776627300019, 0.5308877288718706]
RMSEs for 'content': [0.4223936204774419, 0.5122300373666504, 0.5072168527443284, 0.5321425230388566]
RMSEs for 'content': [0.4220530994965066, 0.5130354690228688, 0.5065393223840203, 0.5313326157926967]
RMSEs for 'content': [0.42266464028446016, 0.5116783546976532, 0.5077654582587473, 0.5327772358923244]
RMSEs for 'content': [0.4220189471790249, 0.5131233693354489, 0.5064720749287831, 0.5312505754672043]
RMSEs for 'content': [0.4218657379716975, 0.5135341081892235, 0.5061719451668496, 0.5308806222185367]
[I 2023-10-09 18:51:51,643] Trial 122 finished with value: 0.4931131033865768 and parameters: {'alpha': 99.95494491412636}. Best is trial 71 with value: 0.4931111947330096.
[I 2023-10-09 18:51:51,952] Trial 123 finished with value: 0.493358929566476 and parameters: {'alpha': 95.93256890780256}. Best is trial 71 with value: 0.4931111947330096.
[I 2023-10-09 18:51:52,321] Trial 124 finished with value: 0.4931113313639714 and parameters: {'alpha': 99.98725444150531}. Best is trial 71 with value: 0.4931111947330096.
[I 2023-10-09 18:51:52,654] Trial 125 finished with value: 0.49344574732559665 and parameters: {'alpha': 94.68853910776438}. Best is trial 71 with value: 0.4931111947330096.
[I 2023-10-09 18:51:52,980] Trial 126 finished with value: 0.49327324825258284 and parameters: {'alpha': 97.24172569618324}. Best is trial 71 with value: 0.4931111947330096.
[I 2023-10-09 18:51:53,299] Trial 127 finished with value: 0.4984350974152155 and parameters: {'alpha': 63.246995463276285}. Best is trial 71 with value: 0.4931111947330096.
RMSEs for 'content': [0.42221659970345526, 0.5126327985675762, 0.5068630292638981, 0.5317232907309742]
RMSEs for 'content': [0.421863016971359, 0.5135416480027704, 0.5061666375047021, 0.5308740229770541]
RMSEs for 'content': [0.422330175294419, 0.5123704735356139, 0.5070896359976891, 0.5319927044746646]
RMSEs for 'content': [0.42209971342678715, 0.5129176215822028, 0.5066313122201523, 0.5314443457811893]
RMSEs for 'content': [0.42629500663756625, 0.5107667102364409, 0.5160074162901215, 0.5406712564967334]
RMSEs for 'content': [0.42186791753660247, 0.5135280748980198, 0.506176197255493, 0.5308859075791166]
[I 2023-10-09 18:51:53,635] Trial 128 finished with value: 0.49311452431730796 and parameters: {'alpha': 99.92907734460209}. Best is trial 71 with value: 0.4931111947330096.
[I 2023-10-09 18:51:53,989] Trial 129 finished with value: 0.4935564905719577 and parameters: {'alpha': 93.20510964647897}. Best is trial 71 with value: 0.4931111947330096.
[I 2023-10-09 18:51:54,347] Trial 130 finished with value: 0.4932057063631339 and parameters: {'alpha': 98.33941734199895}. Best is trial 71 with value: 0.4931111947330096.
[I 2023-10-09 18:51:54,659] Trial 131 finished with value: 0.49312010808830997 and parameters: {'alpha': 99.82777306663726}. Best is trial 71 with value: 0.4931111947330096.
[I 2023-10-09 18:51:54,967] Trial 132 finished with value: 0.4933659696884262 and parameters: {'alpha': 95.82875781709261}. Best is trial 71 with value: 0.4931111947330096.
[I 2023-10-09 18:51:55,291] Trial 133 finished with value: 0.4932072223719631 and parameters: {'alpha': 98.31408064471383}. Best is trial 71 with value: 0.4931111947330096.
RMSEs for 'content': [0.4224688970306274, 0.5120690183026853, 0.507368384815162, 0.5323196621393561]
RMSEs for 'content': [0.4220037337409863, 0.5131629515489994, 0.5064421596857378, 0.531213980476812]
RMSEs for 'content': [0.42187646258890316, 0.5135044745218637, 0.5061928725625265, 0.5309066226799466]
RMSEs for 'content': [0.4222259829736355, 0.512610590453246, 0.506881696286542, 0.5317456090402815]
RMSEs for 'content': [0.42200592865659925, 0.5131572245743552, 0.506446474155789, 0.5312192621011089]
RMSEs for 'content': [0.42239083695598123, 0.5122361077198766, 0.5072112618410709, 0.5321359601336806]
[I 2023-10-09 18:51:55,624] Trial 134 finished with value: 0.4934935416626523 and parameters: {'alpha': 94.03506500742495}. Best is trial 71 with value: 0.4931111947330096.
[I 2023-10-09 18:51:55,962] Trial 135 finished with value: 0.4931259842592132 and parameters: {'alpha': 99.72175450226027}. Best is trial 71 with value: 0.4931111947330096.
[I 2023-10-09 18:51:56,284] Trial 136 finished with value: 0.4933147930294749 and parameters: {'alpha': 96.59607349503717}. Best is trial 71 with value: 0.4931111947330096.
[I 2023-10-09 18:51:56,701] Trial 137 finished with value: 0.49373064849032944 and parameters: {'alpha': 91.06831436222964}. Best is trial 71 with value: 0.4931111947330096.
[I 2023-10-09 18:51:57,033] Trial 138 finished with value: 0.4931126254547007 and parameters: {'alpha': 99.96365358797254}. Best is trial 71 with value: 0.4931111947330096.
[I 2023-10-09 18:51:57,384] Trial 139 finished with value: 0.4931157073705178 and parameters: {'alpha': 99.9075676317825}. Best is trial 71 with value: 0.4931111947330096.
RMSEs for 'content': [0.4218854211815577, 0.5134798231532305, 0.5062103632009847, 0.53092832950108]
RMSEs for 'content': [0.42215702673302535, 0.5127760644846581, 0.506744742743852, 0.5315813381563642]
RMSEs for 'content': [0.4226752499259806, 0.5116583222591538, 0.5077871070594495, 0.5328019147167341]
RMSEs for 'content': [0.4218650044082037, 0.5135361400233485, 0.5061705141793663, 0.5308788432078844]
RMSEs for 'content': [0.42186973064961425, 0.513523060202947, 0.5061797348210999, 0.5308903038084102]
RMSEs for 'content': [0.4285646618601462, 0.5152320909794138, 0.5221017991191174, 0.5452380126938389]
[I 2023-10-09 18:51:57,727] Trial 140 finished with value: 0.5027841411631291 and parameters: {'alpha': 51.6825016006217}. Best is trial 71 with value: 0.4931111947330096.
[I 2023-10-09 18:51:58,075] Trial 141 finished with value: 0.4932843071468904 and parameters: {'alpha': 97.06776813789277}. Best is trial 71 with value: 0.4931111947330096.
[I 2023-10-09 18:51:58,710] Trial 142 finished with value: 0.49538872686871654 and parameters: {'alpha': 77.19053279405183}. Best is trial 71 with value: 0.4931111947330096.
[I 2023-10-09 18:51:59,044] Trial 143 finished with value: 0.4931125003506397 and parameters: {'alpha': 99.96593385469308}. Best is trial 71 with value: 0.4931111947330096.
[I 2023-10-09 18:51:59,398] Trial 144 finished with value: 0.4931115963513105 and parameters: {'alpha': 99.98241932296997}. Best is trial 71 with value: 0.4931111947330096.
RMSEs for 'content': [0.4221150920915592, 0.5128792776174971, 0.5066617132084009, 0.5314811456701046]
RMSEs for 'content': [0.4242326112644975, 0.5099027364994474, 0.51111328923345, 0.5363062704774713]
RMSEs for 'content': [0.4218648123510466, 0.5135366720894078, 0.5061701395363022, 0.530878377425802]
RMSEs for 'content': [0.42186342407315836, 0.51354051938669, 0.5061674315593544, 0.5308750103860392]
RMSEs for 'content': [0.4223254558504839, 0.5123810939291868, 0.5070801909657655, 0.5319815407565478]
[I 2023-10-09 18:51:59,719] Trial 145 finished with value: 0.493442070375496 and parameters: {'alpha': 94.73969561547636}. Best is trial 71 with value: 0.4931111947330096.
[I 2023-10-09 18:52:00,035] Trial 146 finished with value: 0.49323855907985004 and parameters: {'alpha': 97.79770421880676}. Best is trial 71 with value: 0.4931111947330096.
[I 2023-10-09 18:52:00,349] Trial 147 finished with value: 0.49332640581265536 and parameters: {'alpha': 96.41932886555037}. Best is trial 71 with value: 0.4931111947330096.
[I 2023-10-09 18:52:00,661] Trial 148 finished with value: 0.49353887767245297 and parameters: {'alpha': 93.43396792873186}. Best is trial 71 with value: 0.4931111947330096.
[I 2023-10-09 18:52:00,973] Trial 149 finished with value: 0.49322629322304684 and parameters: {'alpha': 97.99817842671885}. Best is trial 71 with value: 0.4931111947330096.
[I 2023-10-09 18:52:01,289] Trial 150 finished with value: 0.4933799237037776 and parameters: {'alpha': 95.62458177750253}. Best is trial 71 with value: 0.4931111947330096.
RMSEs for 'content': [0.42205087215106946, 0.5130411614433307, 0.506534932778411, 0.5313272699465889]
RMSEs for 'content': [0.42217282854159893, 0.5127376797968508, 0.5067760801589519, 0.5316190347532197]
RMSEs for 'content': [0.4224472575430481, 0.5121146862496182, 0.5073247583753575, 0.5322688085217878]
RMSEs for 'content': [0.42203337598550794, 0.5130860715835187, 0.506500470456233, 0.5312852548669278]
RMSEs for 'content': [0.4222444877757726, 0.5125670776231129, 0.506918538323145, 0.5317895910930798]
RMSEs for 'content': [0.4219986950598254, 0.5131761192388298, 0.506432257293112, 0.5312018534857812]
[I 2023-10-09 18:52:01,606] Trial 151 finished with value: 0.49320223126938706 and parameters: {'alpha': 98.39762256593669}. Best is trial 71 with value: 0.4931111947330096.
[I 2023-10-09 18:52:01,918] Trial 152 finished with value: 0.4931167162419188 and parameters: {'alpha': 99.88924440713556}. Best is trial 71 with value: 0.4931111947330096.
[I 2023-10-09 18:52:02,236] Trial 153 finished with value: 0.4931125913329084 and parameters: {'alpha': 99.96427549681452}. Best is trial 71 with value: 0.4931111947330096.
[I 2023-10-09 18:52:02,540] Trial 154 finished with value: 0.49311307137384786 and parameters: {'alpha': 99.95552810929193}. Best is trial 71 with value: 0.4931111947330096.
[I 2023-10-09 18:52:02,842] Trial 155 finished with value: 0.4933226948399941 and parameters: {'alpha': 96.47563722173963}. Best is trial 71 with value: 0.4931111947330096.
[I 2023-10-09 18:52:03,140] Trial 156 finished with value: 0.49602284034308786 and parameters: {'alpha': 73.52580747785967}. Best is trial 71 with value: 0.4931111947330096.
[I 2023-10-09 18:52:03,438] Trial 157 finished with value: 0.4936268559494934 and parameters: {'alpha': 92.31526730984513}. Best is trial 71 with value: 0.4931111947330096.
RMSEs for 'content': [0.4218712756913907, 0.5135187899569891, 0.5061827496279775, 0.5308940496913178]
RMSEs for 'content': [0.4218649520267269, 0.5135362851342534, 0.5061704119992034, 0.5308787161714498]
RMSEs for 'content': [0.42186568884361625, 0.5135342442452634, 0.5061718493292336, 0.5308805030772784]
RMSEs for 'content': [0.4221677890269625, 0.5127498913223603, 0.5067660830342389, 0.5316070159764148]
RMSEs for 'content': [0.4247182836690007, 0.509801056130378, 0.5122137566825279, 0.5373582648904448]
RMSEs for 'content': [0.4225538757494607, 0.5118944801556542, 0.5075402251841327, 0.5325188427087258]
RMSEs for 'content': [0.4223227241642816, 0.5123872522146236, 0.5070747251814374, 0.5319750777975222]
[I 2023-10-09 18:52:03,745] Trial 158 finished with value: 0.4934399448394662 and parameters: {'alpha': 94.76932681887516}. Best is trial 71 with value: 0.4931111947330096.
[I 2023-10-09 18:52:04,047] Trial 159 finished with value: 0.49324848297522794 and parameters: {'alpha': 97.63701584337544}. Best is trial 71 with value: 0.4931111947330096.
[I 2023-10-09 18:52:04,357] Trial 160 finished with value: 0.4932220629216647 and parameters: {'alpha': 98.06780521555055}. Best is trial 71 with value: 0.4931111947330096.
[I 2023-10-09 18:52:04,672] Trial 161 finished with value: 0.49311568699334696 and parameters: {'alpha': 99.9079379097352}. Best is trial 71 with value: 0.4931111947330096.
[I 2023-10-09 18:52:04,979] Trial 162 finished with value: 0.49333663149681417 and parameters: {'alpha': 96.26499510119146}. Best is trial 71 with value: 0.4931111947330096.
[I 2023-10-09 18:52:05,283] Trial 163 finished with value: 0.4931130756544882 and parameters: {'alpha': 99.95545012526604}. Best is trial 71 with value: 0.4931111947330096.
RMSEs for 'content': [0.42206493992176725, 0.5130053025659933, 0.5065626663099595, 0.5313610231031919]
RMSEs for 'content': [0.42202731355474254, 0.5131017138846686, 0.5064885369959092, 0.5312706872513383]
RMSEs for 'content': [0.42186969943221786, 0.5135231465114277, 0.506179673909873, 0.5308902281198692]
RMSEs for 'content': [0.42218666656173076, 0.5127042929998687, 0.5068035457283879, 0.5316520206972694]
RMSEs for 'content': [0.42186569541292623, 0.5135342260519619, 0.5061718621444343, 0.5308805190086303]
RMSEs for 'content': [0.4336781874493839, 0.5359004549628295, 0.5389672319679294, 0.555121231739866]
[I 2023-10-09 18:52:05,596] Trial 164 finished with value: 0.5159167765300022 and parameters: {'alpha': 34.0257517966955}. Best is trial 71 with value: 0.4931111947330096.
[I 2023-10-09 18:52:05,934] Trial 165 finished with value: 0.4932391929739828 and parameters: {'alpha': 97.78740015655359}. Best is trial 71 with value: 0.4931111947330096.
[I 2023-10-09 18:52:06,255] Trial 166 finished with value: 0.49311256953212734 and parameters: {'alpha': 99.96467285193303}. Best is trial 71 with value: 0.4931111947330096.
[I 2023-10-09 18:52:06,568] Trial 167 finished with value: 0.4946556830158877 and parameters: {'alpha': 82.30854049753354}. Best is trial 71 with value: 0.4931111947330096.
[I 2023-10-09 18:52:06,880] Trial 168 finished with value: 0.4934625005586223 and parameters: {'alpha': 94.4570776520076}. Best is trial 71 with value: 0.4931111947330096.
[I 2023-10-09 18:52:07,181] Trial 169 finished with value: 0.4933365826622633 and parameters: {'alpha': 96.26572929400211}. Best is trial 71 with value: 0.4931111947330096.
[I 2023-10-09 18:52:07,485] Trial 170 finished with value: 0.49323223149602335 and parameters: {'alpha': 97.90086263905778}. Best is trial 71 with value: 0.4931111947330096.
RMSEs for 'content': [0.4220517730666751, 0.5130388583004045, 0.5065367082189741, 0.5313294323098775]
RMSEs for 'content': [0.4218649185590133, 0.5135363778505715, 0.5061703467141333, 0.5308786350047914]
RMSEs for 'content': [0.42361034035954104, 0.5103322412679587, 0.5097480603010361, 0.5349320901350151]
RMSEs for 'content': [0.42235158193110267, 0.5123226040526229, 0.507132508616682, 0.5320433076340815]
RMSEs for 'content': [0.4221866006436701, 0.5127044515364597, 0.5068034148446647, 0.531651863624259]
RMSEs for 'content': [0.42204186153987905, 0.5130642471019468, 0.5065171803601116, 0.5313056369821559]
RMSEs for 'content': [0.42188829803079697, 0.5134719266952221, 0.5062159817330324, 0.5309352978165656]
[I 2023-10-09 18:52:07,786] Trial 171 finished with value: 0.4931278760689043 and parameters: {'alpha': 99.6877498444447}. Best is trial 71 with value: 0.4931111947330096.
[I 2023-10-09 18:52:08,086] Trial 172 finished with value: 0.49311827925880425 and parameters: {'alpha': 99.86089225841364}. Best is trial 71 with value: 0.4931111947330096.
[I 2023-10-09 18:52:08,385] Trial 173 finished with value: 0.49322065935354764 and parameters: {'alpha': 98.0909623950941}. Best is trial 71 with value: 0.4931111947330096.
[I 2023-10-09 18:52:08,696] Trial 174 finished with value: 0.49341826401646727 and parameters: {'alpha': 95.07408103327077}. Best is trial 71 with value: 0.4931111947330096.
[I 2023-10-09 18:52:09,008] Trial 175 finished with value: 0.4935483898766706 and parameters: {'alpha': 93.31005254193887}. Best is trial 71 with value: 0.4931111947330096.
[I 2023-10-09 18:52:09,310] Trial 176 finished with value: 0.4931120020549269 and parameters: {'alpha': 99.9750190441095}. Best is trial 71 with value: 0.4931111947330096.
RMSEs for 'content': [0.4218736673424274, 0.5135121852974732, 0.5061874169048322, 0.5308998474904842]
RMSEs for 'content': [0.4220252988658284, 0.5131069214222014, 0.5064845721075685, 0.5312658450185924]
RMSEs for 'content': [0.4222947113909749, 0.5124508718384354, 0.5070187232573221, 0.5319087495791365]
RMSEs for 'content': [0.42245896335584954, 0.5120899204296059, 0.5073483513289672, 0.5322963243922598]
RMSEs for 'content': [0.42186404721863074, 0.5135387922026206, 0.5061686470425864, 0.5308765217558701]
RMSEs for 'content': [0.42215576644752917, 0.5127791378354903, 0.5067422445899066, 0.5315783302750791]
[I 2023-10-09 18:52:09,633] Trial 177 finished with value: 0.4933138697870013 and parameters: {'alpha': 96.61019334714294}. Best is trial 71 with value: 0.4931111947330096.
[I 2023-10-09 18:52:09,936] Trial 178 finished with value: 0.49321674449250996 and parameters: {'alpha': 98.15570064314741}. Best is trial 71 with value: 0.4931111947330096.
[I 2023-10-09 18:52:10,229] Trial 179 finished with value: 0.49366871627852216 and parameters: {'alpha': 91.8034088303211}. Best is trial 71 with value: 0.4931111947330096.
